INFO - 2023-12-25 06:24:14 --> Session: Class initialized using 'CodeIgniter\Session\Handlers\FileHandler' driver.
INFO - 2023-12-25 06:24:18 --> Session: Class initialized using 'CodeIgniter\Session\Handlers\FileHandler' driver.
INFO - 2023-12-25 06:24:21 --> Session: Class initialized using 'CodeIgniter\Session\Handlers\FileHandler' driver.
INFO - 2023-12-25 06:24:25 --> Session: Class initialized using 'CodeIgniter\Session\Handlers\FileHandler' driver.
INFO - 2023-12-25 06:24:25 --> Session: Class initialized using 'CodeIgniter\Session\Handlers\FileHandler' driver.
INFO - 2023-12-25 06:24:30 --> Session: Class initialized using 'CodeIgniter\Session\Handlers\FileHandler' driver.
INFO - 2023-12-25 06:24:36 --> Session: Class initialized using 'CodeIgniter\Session\Handlers\FileHandler' driver.
INFO - 2023-12-25 06:24:38 --> Session: Class initialized using 'CodeIgniter\Session\Handlers\FileHandler' driver.
INFO - 2023-12-25 06:24:40 --> Session: Class initialized using 'CodeIgniter\Session\Handlers\FileHandler' driver.
INFO - 2023-12-25 06:24:48 --> Session: Class initialized using 'CodeIgniter\Session\Handlers\FileHandler' driver.
INFO - 2023-12-25 06:24:56 --> Session: Class initialized using 'CodeIgniter\Session\Handlers\FileHandler' driver.
INFO - 2023-12-25 06:24:58 --> Session: Class initialized using 'CodeIgniter\Session\Handlers\FileHandler' driver.
INFO - 2023-12-25 06:25:31 --> Session: Class initialized using 'CodeIgniter\Session\Handlers\FileHandler' driver.
INFO - 2023-12-25 06:28:21 --> Session: Class initialized using 'CodeIgniter\Session\Handlers\FileHandler' driver.
INFO - 2023-12-25 06:28:23 --> Session: Class initialized using 'CodeIgniter\Session\Handlers\FileHandler' driver.
INFO - 2023-12-25 06:28:26 --> Session: Class initialized using 'CodeIgniter\Session\Handlers\FileHandler' driver.
INFO - 2023-12-25 06:48:11 --> Session: Class initialized using 'CodeIgniter\Session\Handlers\FileHandler' driver.
INFO - 2023-12-25 06:48:12 --> Session: Class initialized using 'CodeIgniter\Session\Handlers\FileHandler' driver.
INFO - 2023-12-25 06:51:03 --> Session: Class initialized using 'CodeIgniter\Session\Handlers\FileHandler' driver.
INFO - 2023-12-25 06:51:05 --> Session: Class initialized using 'CodeIgniter\Session\Handlers\FileHandler' driver.
INFO - 2023-12-25 06:51:12 --> Session: Class initialized using 'CodeIgniter\Session\Handlers\FileHandler' driver.
INFO - 2023-12-25 06:56:51 --> Session: Class initialized using 'CodeIgniter\Session\Handlers\FileHandler' driver.
INFO - 2023-12-25 06:56:52 --> Session: Class initialized using 'CodeIgniter\Session\Handlers\FileHandler' driver.
CRITICAL - 2023-12-25 06:56:52 --> Undefined property: App\Controllers\Admin\AdminGudangController::$PenggunaModel
in APPPATH\Controllers\Admin\AdminGudangController.php on line 32.
 1 APPPATH\Controllers\Admin\AdminGudangController.php(32): CodeIgniter\Debug\Exceptions->errorHandler(2, 'Undefined property: App\\Controllers\\Admin\\AdminGudangController::$PenggunaModel', 'D:\\Xampp\\htdocs\\inventaris_ci4\\app\\Controllers\\Admin\\AdminGudangController.php', 32)
 2 SYSTEMPATH\CodeIgniter.php(942): App\Controllers\Admin\AdminGudangController->index()
 3 SYSTEMPATH\CodeIgniter.php(502): CodeIgniter\CodeIgniter->runController(Object(App\Controllers\Admin\AdminGudangController))
 4 SYSTEMPATH\CodeIgniter.php(361): CodeIgniter\CodeIgniter->handleRequest(null, Object(Config\Cache), false)
 5 FCPATH\index.php(79): CodeIgniter\CodeIgniter->run()
 6 SYSTEMPATH\Commands\Server\rewrite.php(47): require_once('D:\\Xampp\\htdocs\\inventaris_ci4\\public\\index.php')
INFO - 2023-12-25 06:56:56 --> Session: Class initialized using 'CodeIgniter\Session\Handlers\FileHandler' driver.
INFO - 2023-12-25 06:57:29 --> Session: Class initialized using 'CodeIgniter\Session\Handlers\FileHandler' driver.
INFO - 2023-12-25 06:57:30 --> Session: Class initialized using 'CodeIgniter\Session\Handlers\FileHandler' driver.
CRITICAL - 2023-12-25 06:57:30 --> Undefined variable $pager
in APPPATH\Views\admin\gudang\list.php on line 70.
 1 APPPATH\Views\admin\gudang\list.php(70): CodeIgniter\Debug\Exceptions->errorHandler(2, 'Undefined variable $pager', 'D:\\Xampp\\htdocs\\inventaris_ci4\\app\\Views\\admin\\gudang\\list.php', 70)
 2 SYSTEMPATH\View\View.php(228): include('D:\\Xampp\\htdocs\\inventaris_ci4\\app\\Views\\admin\\gudang\\list.php')
 3 SYSTEMPATH\View\View.php(231): CodeIgniter\View\View->CodeIgniter\View\{closure}()
 4 SYSTEMPATH\Common.php(1190): CodeIgniter\View\View->render('admin/gudang/list', [], true)
 5 APPPATH\Controllers\Admin\AdminGudangController.php(38): view('admin/gudang/list', [...])
 6 SYSTEMPATH\CodeIgniter.php(942): App\Controllers\Admin\AdminGudangController->index()
 7 SYSTEMPATH\CodeIgniter.php(502): CodeIgniter\CodeIgniter->runController(Object(App\Controllers\Admin\AdminGudangController))
 8 SYSTEMPATH\CodeIgniter.php(361): CodeIgniter\CodeIgniter->handleRequest(null, Object(Config\Cache), false)
 9 FCPATH\index.php(79): CodeIgniter\CodeIgniter->run()
10 SYSTEMPATH\Commands\Server\rewrite.php(47): require_once('D:\\Xampp\\htdocs\\inventaris_ci4\\public\\index.php')
INFO - 2023-12-25 06:57:34 --> Session: Class initialized using 'CodeIgniter\Session\Handlers\FileHandler' driver.
INFO - 2023-12-25 06:59:17 --> Session: Class initialized using 'CodeIgniter\Session\Handlers\FileHandler' driver.
INFO - 2023-12-25 06:59:19 --> Session: Class initialized using 'CodeIgniter\Session\Handlers\FileHandler' driver.
CRITICAL - 2023-12-25 06:59:19 --> Too few arguments to function App\Controllers\Admin\AdminGudangController::__construct(), 0 passed in D:\Xampp\htdocs\inventaris_ci4\vendor\codeigniter4\framework\system\CodeIgniter.php on line 914 and exactly 2 expected
in APPPATH\Controllers\Admin\AdminGudangController.php on line 15.
 1 SYSTEMPATH\CodeIgniter.php(914): App\Controllers\Admin\AdminGudangController->__construct()
 2 SYSTEMPATH\CodeIgniter.php(493): CodeIgniter\CodeIgniter->createController()
 3 SYSTEMPATH\CodeIgniter.php(361): CodeIgniter\CodeIgniter->handleRequest(null, Object(Config\Cache), false)
 4 FCPATH\index.php(79): CodeIgniter\CodeIgniter->run()
 5 SYSTEMPATH\Commands\Server\rewrite.php(47): require_once('D:\\Xampp\\htdocs\\inventaris_ci4\\public\\index.php')
INFO - 2023-12-25 07:00:02 --> Session: Class initialized using 'CodeIgniter\Session\Handlers\FileHandler' driver.
CRITICAL - 2023-12-25 07:00:02 --> Undefined variable $pager
in APPPATH\Views\admin\gudang\list.php on line 70.
 1 APPPATH\Views\admin\gudang\list.php(70): CodeIgniter\Debug\Exceptions->errorHandler(2, 'Undefined variable $pager', 'D:\\Xampp\\htdocs\\inventaris_ci4\\app\\Views\\admin\\gudang\\list.php', 70)
 2 SYSTEMPATH\View\View.php(228): include('D:\\Xampp\\htdocs\\inventaris_ci4\\app\\Views\\admin\\gudang\\list.php')
 3 SYSTEMPATH\View\View.php(231): CodeIgniter\View\View->CodeIgniter\View\{closure}()
 4 SYSTEMPATH\Common.php(1190): CodeIgniter\View\View->render('admin/gudang/list', [], true)
 5 APPPATH\Controllers\Admin\AdminGudangController.php(40): view('admin/gudang/list', [...])
 6 SYSTEMPATH\CodeIgniter.php(942): App\Controllers\Admin\AdminGudangController->index()
 7 SYSTEMPATH\CodeIgniter.php(502): CodeIgniter\CodeIgniter->runController(Object(App\Controllers\Admin\AdminGudangController))
 8 SYSTEMPATH\CodeIgniter.php(361): CodeIgniter\CodeIgniter->handleRequest(null, Object(Config\Cache), false)
 9 FCPATH\index.php(79): CodeIgniter\CodeIgniter->run()
10 SYSTEMPATH\Commands\Server\rewrite.php(47): require_once('D:\\Xampp\\htdocs\\inventaris_ci4\\public\\index.php')
INFO - 2023-12-25 07:00:23 --> Session: Class initialized using 'CodeIgniter\Session\Handlers\FileHandler' driver.
INFO - 2023-12-25 07:02:46 --> Session: Class initialized using 'CodeIgniter\Session\Handlers\FileHandler' driver.
