INFO - 2024-01-03 03:52:51 --> Session: Class initialized using 'CodeIgniter\Session\Handlers\FileHandler' driver.
INFO - 2024-01-03 03:52:56 --> Session: Class initialized using 'CodeIgniter\Session\Handlers\FileHandler' driver.
INFO - 2024-01-03 03:52:56 --> Session: Class initialized using 'CodeIgniter\Session\Handlers\FileHandler' driver.
INFO - 2024-01-03 03:57:21 --> Session: Class initialized using 'CodeIgniter\Session\Handlers\FileHandler' driver.
INFO - 2024-01-03 03:57:24 --> Session: Class initialized using 'CodeIgniter\Session\Handlers\FileHandler' driver.
CRITICAL - 2024-01-03 03:57:24 --> Undefined property: App\Controllers\Admin\AdminSuplierController::$encryption
in APPPATH\Controllers\Admin\AdminSuplierController.php on line 91.
 1 APPPATH\Controllers\Admin\AdminSuplierController.php(91): CodeIgniter\Debug\Exceptions->errorHandler(2, 'Undefined property: App\\Controllers\\Admin\\AdminSuplierController::$encryption', 'D:\\Xampp\\htdocs\\inventaris_ci4\\app\\Controllers\\Admin\\AdminSuplierController.php', 91)
 2 APPPATH\Controllers\Admin\AdminSuplierController.php(80): App\Controllers\Admin\AdminSuplierController->dekripsiId('5')
 3 SYSTEMPATH\CodeIgniter.php(942): App\Controllers\Admin\AdminSuplierController->edit('5')
 4 SYSTEMPATH\CodeIgniter.php(502): CodeIgniter\CodeIgniter->runController(Object(App\Controllers\Admin\AdminSuplierController))
 5 SYSTEMPATH\CodeIgniter.php(361): CodeIgniter\CodeIgniter->handleRequest(null, Object(Config\Cache), false)
 6 FCPATH\index.php(79): CodeIgniter\CodeIgniter->run()
 7 SYSTEMPATH\Commands\Server\rewrite.php(47): require_once('D:\\Xampp\\htdocs\\inventaris_ci4\\public\\index.php')
INFO - 2024-01-03 03:57:51 --> Session: Class initialized using 'CodeIgniter\Session\Handlers\FileHandler' driver.
WARNING - 2024-01-03 03:57:51 --> [DEPRECATED] Creation of dynamic property App\Controllers\Admin\AdminSuplierController::$encryption is deprecated in APPPATH\Controllers\Admin\AdminSuplierController.php on line 16.
 1 SYSTEMPATH\CodeIgniter.php(914): App\Controllers\Admin\AdminSuplierController->__construct()
 2 SYSTEMPATH\CodeIgniter.php(493): CodeIgniter\CodeIgniter->createController()
 3 SYSTEMPATH\CodeIgniter.php(361): CodeIgniter\CodeIgniter->handleRequest(null, Object(Config\Cache), false)
 4 FCPATH\index.php(79): CodeIgniter\CodeIgniter->run()
 5 SYSTEMPATH\Commands\Server\rewrite.php(47): require_once('D:\\Xampp\\htdocs\\inventaris_ci4\\public\\index.php')
CRITICAL - 2024-01-03 03:57:51 --> Call to a member function decrypt() on null
in APPPATH\Controllers\Admin\AdminSuplierController.php on line 92.
 1 APPPATH\Controllers\Admin\AdminSuplierController.php(81): App\Controllers\Admin\AdminSuplierController->dekripsiId('5')
 2 SYSTEMPATH\CodeIgniter.php(942): App\Controllers\Admin\AdminSuplierController->edit('5')
 3 SYSTEMPATH\CodeIgniter.php(502): CodeIgniter\CodeIgniter->runController(Object(App\Controllers\Admin\AdminSuplierController))
 4 SYSTEMPATH\CodeIgniter.php(361): CodeIgniter\CodeIgniter->handleRequest(null, Object(Config\Cache), false)
 5 FCPATH\index.php(79): CodeIgniter\CodeIgniter->run()
 6 SYSTEMPATH\Commands\Server\rewrite.php(47): require_once('D:\\Xampp\\htdocs\\inventaris_ci4\\public\\index.php')
INFO - 2024-01-03 04:00:20 --> Session: Class initialized using 'CodeIgniter\Session\Handlers\FileHandler' driver.
INFO - 2024-01-03 04:05:38 --> Session: Class initialized using 'CodeIgniter\Session\Handlers\FileHandler' driver.
CRITICAL - 2024-01-03 04:05:38 --> Undefined property: App\Controllers\Admin\AdminSuplierController::$encryption
in APPPATH\Controllers\Admin\AdminSuplierController.php on line 92.
 1 APPPATH\Controllers\Admin\AdminSuplierController.php(92): CodeIgniter\Debug\Exceptions->errorHandler(2, 'Undefined property: App\\Controllers\\Admin\\AdminSuplierController::$encryption', 'D:\\Xampp\\htdocs\\inventaris_ci4\\app\\Controllers\\Admin\\AdminSuplierController.php', 92)
 2 APPPATH\Controllers\Admin\AdminSuplierController.php(80): App\Controllers\Admin\AdminSuplierController->dekripsiId('5')
 3 SYSTEMPATH\CodeIgniter.php(942): App\Controllers\Admin\AdminSuplierController->edit('5')
 4 SYSTEMPATH\CodeIgniter.php(502): CodeIgniter\CodeIgniter->runController(Object(App\Controllers\Admin\AdminSuplierController))
 5 SYSTEMPATH\CodeIgniter.php(361): CodeIgniter\CodeIgniter->handleRequest(null, Object(Config\Cache), false)
 6 FCPATH\index.php(79): CodeIgniter\CodeIgniter->run()
 7 SYSTEMPATH\Commands\Server\rewrite.php(47): require_once('D:\\Xampp\\htdocs\\inventaris_ci4\\public\\index.php')
INFO - 2024-01-03 04:06:03 --> Session: Class initialized using 'CodeIgniter\Session\Handlers\FileHandler' driver.
WARNING - 2024-01-03 04:06:03 --> [DEPRECATED] Creation of dynamic property App\Controllers\Admin\AdminSuplierController::$encryption is deprecated in APPPATH\Controllers\Admin\AdminSuplierController.php on line 16.
 1 SYSTEMPATH\CodeIgniter.php(914): App\Controllers\Admin\AdminSuplierController->__construct()
 2 SYSTEMPATH\CodeIgniter.php(493): CodeIgniter\CodeIgniter->createController()
 3 SYSTEMPATH\CodeIgniter.php(361): CodeIgniter\CodeIgniter->handleRequest(null, Object(Config\Cache), false)
 4 FCPATH\index.php(79): CodeIgniter\CodeIgniter->run()
 5 SYSTEMPATH\Commands\Server\rewrite.php(47): require_once('D:\\Xampp\\htdocs\\inventaris_ci4\\public\\index.php')
CRITICAL - 2024-01-03 04:06:03 --> Call to a member function decrypt() on null
in APPPATH\Controllers\Admin\AdminSuplierController.php on line 93.
 1 APPPATH\Controllers\Admin\AdminSuplierController.php(81): App\Controllers\Admin\AdminSuplierController->dekripsiId('5')
 2 SYSTEMPATH\CodeIgniter.php(942): App\Controllers\Admin\AdminSuplierController->edit('5')
 3 SYSTEMPATH\CodeIgniter.php(502): CodeIgniter\CodeIgniter->runController(Object(App\Controllers\Admin\AdminSuplierController))
 4 SYSTEMPATH\CodeIgniter.php(361): CodeIgniter\CodeIgniter->handleRequest(null, Object(Config\Cache), false)
 5 FCPATH\index.php(79): CodeIgniter\CodeIgniter->run()
 6 SYSTEMPATH\Commands\Server\rewrite.php(47): require_once('D:\\Xampp\\htdocs\\inventaris_ci4\\public\\index.php')
INFO - 2024-01-03 04:09:27 --> Session: Class initialized using 'CodeIgniter\Session\Handlers\FileHandler' driver.
WARNING - 2024-01-03 04:09:27 --> [DEPRECATED] Creation of dynamic property App\Controllers\Admin\AdminSuplierController::$encryption is deprecated in APPPATH\Controllers\Admin\AdminSuplierController.php on line 16.
 1 SYSTEMPATH\CodeIgniter.php(914): App\Controllers\Admin\AdminSuplierController->__construct()
 2 SYSTEMPATH\CodeIgniter.php(493): CodeIgniter\CodeIgniter->createController()
 3 SYSTEMPATH\CodeIgniter.php(361): CodeIgniter\CodeIgniter->handleRequest(null, Object(Config\Cache), false)
 4 FCPATH\index.php(79): CodeIgniter\CodeIgniter->run()
 5 SYSTEMPATH\Commands\Server\rewrite.php(47): require_once('D:\\Xampp\\htdocs\\inventaris_ci4\\public\\index.php')
CRITICAL - 2024-01-03 04:09:27 --> Call to a member function decrypt() on null
in APPPATH\Controllers\Admin\AdminSuplierController.php on line 93.
 1 APPPATH\Controllers\Admin\AdminSuplierController.php(81): App\Controllers\Admin\AdminSuplierController->dekripsiId('5')
 2 SYSTEMPATH\CodeIgniter.php(942): App\Controllers\Admin\AdminSuplierController->edit('5')
 3 SYSTEMPATH\CodeIgniter.php(502): CodeIgniter\CodeIgniter->runController(Object(App\Controllers\Admin\AdminSuplierController))
 4 SYSTEMPATH\CodeIgniter.php(361): CodeIgniter\CodeIgniter->handleRequest(null, Object(Config\Cache), false)
 5 FCPATH\index.php(79): CodeIgniter\CodeIgniter->run()
 6 SYSTEMPATH\Commands\Server\rewrite.php(47): require_once('D:\\Xampp\\htdocs\\inventaris_ci4\\public\\index.php')
INFO - 2024-01-03 04:09:28 --> Session: Class initialized using 'CodeIgniter\Session\Handlers\FileHandler' driver.
WARNING - 2024-01-03 04:09:28 --> [DEPRECATED] Creation of dynamic property App\Controllers\Admin\AdminSuplierController::$encryption is deprecated in APPPATH\Controllers\Admin\AdminSuplierController.php on line 16.
 1 SYSTEMPATH\CodeIgniter.php(914): App\Controllers\Admin\AdminSuplierController->__construct()
 2 SYSTEMPATH\CodeIgniter.php(493): CodeIgniter\CodeIgniter->createController()
 3 SYSTEMPATH\CodeIgniter.php(361): CodeIgniter\CodeIgniter->handleRequest(null, Object(Config\Cache), false)
 4 FCPATH\index.php(79): CodeIgniter\CodeIgniter->run()
 5 SYSTEMPATH\Commands\Server\rewrite.php(47): require_once('D:\\Xampp\\htdocs\\inventaris_ci4\\public\\index.php')
CRITICAL - 2024-01-03 04:09:28 --> Call to a member function decrypt() on null
in APPPATH\Controllers\Admin\AdminSuplierController.php on line 93.
 1 APPPATH\Controllers\Admin\AdminSuplierController.php(81): App\Controllers\Admin\AdminSuplierController->dekripsiId('5')
 2 SYSTEMPATH\CodeIgniter.php(942): App\Controllers\Admin\AdminSuplierController->edit('5')
 3 SYSTEMPATH\CodeIgniter.php(502): CodeIgniter\CodeIgniter->runController(Object(App\Controllers\Admin\AdminSuplierController))
 4 SYSTEMPATH\CodeIgniter.php(361): CodeIgniter\CodeIgniter->handleRequest(null, Object(Config\Cache), false)
 5 FCPATH\index.php(79): CodeIgniter\CodeIgniter->run()
 6 SYSTEMPATH\Commands\Server\rewrite.php(47): require_once('D:\\Xampp\\htdocs\\inventaris_ci4\\public\\index.php')
INFO - 2024-01-03 04:11:27 --> Session: Class initialized using 'CodeIgniter\Session\Handlers\FileHandler' driver.
CRITICAL - 2024-01-03 04:11:27 --> Undefined property: App\Controllers\Admin\AdminSuplierController::$encryption
in APPPATH\Controllers\Admin\AdminSuplierController.php on line 92.
 1 APPPATH\Controllers\Admin\AdminSuplierController.php(92): CodeIgniter\Debug\Exceptions->errorHandler(2, 'Undefined property: App\\Controllers\\Admin\\AdminSuplierController::$encryption', 'D:\\Xampp\\htdocs\\inventaris_ci4\\app\\Controllers\\Admin\\AdminSuplierController.php', 92)
 2 APPPATH\Controllers\Admin\AdminSuplierController.php(80): App\Controllers\Admin\AdminSuplierController->dekripsiId('5')
 3 SYSTEMPATH\CodeIgniter.php(942): App\Controllers\Admin\AdminSuplierController->edit('5')
 4 SYSTEMPATH\CodeIgniter.php(502): CodeIgniter\CodeIgniter->runController(Object(App\Controllers\Admin\AdminSuplierController))
 5 SYSTEMPATH\CodeIgniter.php(361): CodeIgniter\CodeIgniter->handleRequest(null, Object(Config\Cache), false)
 6 FCPATH\index.php(79): CodeIgniter\CodeIgniter->run()
 7 SYSTEMPATH\Commands\Server\rewrite.php(47): require_once('D:\\Xampp\\htdocs\\inventaris_ci4\\public\\index.php')
INFO - 2024-01-03 04:11:28 --> Session: Class initialized using 'CodeIgniter\Session\Handlers\FileHandler' driver.
CRITICAL - 2024-01-03 04:11:28 --> Undefined property: App\Controllers\Admin\AdminSuplierController::$encryption
in APPPATH\Controllers\Admin\AdminSuplierController.php on line 92.
 1 APPPATH\Controllers\Admin\AdminSuplierController.php(92): CodeIgniter\Debug\Exceptions->errorHandler(2, 'Undefined property: App\\Controllers\\Admin\\AdminSuplierController::$encryption', 'D:\\Xampp\\htdocs\\inventaris_ci4\\app\\Controllers\\Admin\\AdminSuplierController.php', 92)
 2 APPPATH\Controllers\Admin\AdminSuplierController.php(80): App\Controllers\Admin\AdminSuplierController->dekripsiId('5')
 3 SYSTEMPATH\CodeIgniter.php(942): App\Controllers\Admin\AdminSuplierController->edit('5')
 4 SYSTEMPATH\CodeIgniter.php(502): CodeIgniter\CodeIgniter->runController(Object(App\Controllers\Admin\AdminSuplierController))
 5 SYSTEMPATH\CodeIgniter.php(361): CodeIgniter\CodeIgniter->handleRequest(null, Object(Config\Cache), false)
 6 FCPATH\index.php(79): CodeIgniter\CodeIgniter->run()
 7 SYSTEMPATH\Commands\Server\rewrite.php(47): require_once('D:\\Xampp\\htdocs\\inventaris_ci4\\public\\index.php')
INFO - 2024-01-03 04:12:16 --> Session: Class initialized using 'CodeIgniter\Session\Handlers\FileHandler' driver.
CRITICAL - 2024-01-03 04:12:16 --> Undefined property: App\Controllers\Admin\AdminSuplierController::$encryption
in APPPATH\Controllers\Admin\AdminSuplierController.php on line 92.
 1 APPPATH\Controllers\Admin\AdminSuplierController.php(92): CodeIgniter\Debug\Exceptions->errorHandler(2, 'Undefined property: App\\Controllers\\Admin\\AdminSuplierController::$encryption', 'D:\\Xampp\\htdocs\\inventaris_ci4\\app\\Controllers\\Admin\\AdminSuplierController.php', 92)
 2 APPPATH\Controllers\Admin\AdminSuplierController.php(80): App\Controllers\Admin\AdminSuplierController->dekripsiId('5')
 3 SYSTEMPATH\CodeIgniter.php(942): App\Controllers\Admin\AdminSuplierController->edit('5')
 4 SYSTEMPATH\CodeIgniter.php(502): CodeIgniter\CodeIgniter->runController(Object(App\Controllers\Admin\AdminSuplierController))
 5 SYSTEMPATH\CodeIgniter.php(361): CodeIgniter\CodeIgniter->handleRequest(null, Object(Config\Cache), false)
 6 FCPATH\index.php(79): CodeIgniter\CodeIgniter->run()
 7 SYSTEMPATH\Commands\Server\rewrite.php(47): require_once('D:\\Xampp\\htdocs\\inventaris_ci4\\public\\index.php')
INFO - 2024-01-03 04:12:17 --> Session: Class initialized using 'CodeIgniter\Session\Handlers\FileHandler' driver.
CRITICAL - 2024-01-03 04:12:17 --> Call to undefined function enkripsiId()
in APPPATH\Views\admin\suplier\list.php on line 48.
 1 SYSTEMPATH\View\View.php(228): include()
 2 SYSTEMPATH\View\View.php(231): CodeIgniter\View\View->CodeIgniter\View\{closure}()
 3 SYSTEMPATH\Common.php(1190): CodeIgniter\View\View->render('admin/suplier/list', [], true)
 4 APPPATH\Controllers\Admin\AdminSuplierController.php(22): view('admin/suplier/list', [...])
 5 SYSTEMPATH\CodeIgniter.php(942): App\Controllers\Admin\AdminSuplierController->index()
 6 SYSTEMPATH\CodeIgniter.php(502): CodeIgniter\CodeIgniter->runController(Object(App\Controllers\Admin\AdminSuplierController))
 7 SYSTEMPATH\CodeIgniter.php(361): CodeIgniter\CodeIgniter->handleRequest(null, Object(Config\Cache), false)
 8 FCPATH\index.php(79): CodeIgniter\CodeIgniter->run()
 9 SYSTEMPATH\Commands\Server\rewrite.php(47): require_once('D:\\Xampp\\htdocs\\inventaris_ci4\\public\\index.php')
INFO - 2024-01-03 04:12:19 --> Session: Class initialized using 'CodeIgniter\Session\Handlers\FileHandler' driver.
INFO - 2024-01-03 04:12:22 --> Session: Class initialized using 'CodeIgniter\Session\Handlers\FileHandler' driver.
CRITICAL - 2024-01-03 04:12:22 --> Call to undefined function enkripsiId()
in APPPATH\Views\admin\suplier\list.php on line 48.
 1 SYSTEMPATH\View\View.php(228): include()
 2 SYSTEMPATH\View\View.php(231): CodeIgniter\View\View->CodeIgniter\View\{closure}()
 3 SYSTEMPATH\Common.php(1190): CodeIgniter\View\View->render('admin/suplier/list', [], true)
 4 APPPATH\Controllers\Admin\AdminSuplierController.php(22): view('admin/suplier/list', [...])
 5 SYSTEMPATH\CodeIgniter.php(942): App\Controllers\Admin\AdminSuplierController->index()
 6 SYSTEMPATH\CodeIgniter.php(502): CodeIgniter\CodeIgniter->runController(Object(App\Controllers\Admin\AdminSuplierController))
 7 SYSTEMPATH\CodeIgniter.php(361): CodeIgniter\CodeIgniter->handleRequest(null, Object(Config\Cache), false)
 8 FCPATH\index.php(79): CodeIgniter\CodeIgniter->run()
 9 SYSTEMPATH\Commands\Server\rewrite.php(47): require_once('D:\\Xampp\\htdocs\\inventaris_ci4\\public\\index.php')
INFO - 2024-01-03 04:12:48 --> Session: Class initialized using 'CodeIgniter\Session\Handlers\FileHandler' driver.
INFO - 2024-01-03 04:12:52 --> Session: Class initialized using 'CodeIgniter\Session\Handlers\FileHandler' driver.
INFO - 2024-01-03 04:12:52 --> Session: Class initialized using 'CodeIgniter\Session\Handlers\FileHandler' driver.
INFO - 2024-01-03 04:12:53 --> Session: Class initialized using 'CodeIgniter\Session\Handlers\FileHandler' driver.
INFO - 2024-01-03 04:30:50 --> Session: Class initialized using 'CodeIgniter\Session\Handlers\FileHandler' driver.
INFO - 2024-01-03 04:30:52 --> Session: Class initialized using 'CodeIgniter\Session\Handlers\FileHandler' driver.
CRITICAL - 2024-01-03 04:30:52 --> Undefined property: App\Controllers\Admin\AdminSuplierController::$EncryptionController
in APPPATH\Controllers\Admin\AdminSuplierController.php on line 81.
 1 APPPATH\Controllers\Admin\AdminSuplierController.php(81): CodeIgniter\Debug\Exceptions->errorHandler(2, 'Undefined property: App\\Controllers\\Admin\\AdminSuplierController::$EncryptionController', 'D:\\Xampp\\htdocs\\inventaris_ci4\\app\\Controllers\\Admin\\AdminSuplierController.php', 81)
 2 SYSTEMPATH\CodeIgniter.php(942): App\Controllers\Admin\AdminSuplierController->edit('5')
 3 SYSTEMPATH\CodeIgniter.php(502): CodeIgniter\CodeIgniter->runController(Object(App\Controllers\Admin\AdminSuplierController))
 4 SYSTEMPATH\CodeIgniter.php(361): CodeIgniter\CodeIgniter->handleRequest(null, Object(Config\Cache), false)
 5 FCPATH\index.php(79): CodeIgniter\CodeIgniter->run()
 6 SYSTEMPATH\Commands\Server\rewrite.php(47): require_once('D:\\Xampp\\htdocs\\inventaris_ci4\\public\\index.php')
INFO - 2024-01-03 04:30:53 --> Session: Class initialized using 'CodeIgniter\Session\Handlers\FileHandler' driver.
INFO - 2024-01-03 04:31:15 --> Session: Class initialized using 'CodeIgniter\Session\Handlers\FileHandler' driver.
WARNING - 2024-01-03 04:31:15 --> [DEPRECATED] Creation of dynamic property App\Controllers\Component\EncryptionController::$encryption is deprecated in APPPATH\Controllers\Component\EncryptionController.php on line 12.
 1 APPPATH\Controllers\Admin\AdminSuplierController.php(17): App\Controllers\Component\EncryptionController->__construct()
 2 SYSTEMPATH\CodeIgniter.php(914): App\Controllers\Admin\AdminSuplierController->__construct()
 3 SYSTEMPATH\CodeIgniter.php(493): CodeIgniter\CodeIgniter->createController()
 4 SYSTEMPATH\CodeIgniter.php(361): CodeIgniter\CodeIgniter->handleRequest(null, Object(Config\Cache), false)
 5 FCPATH\index.php(79): CodeIgniter\CodeIgniter->run()
 6 SYSTEMPATH\Commands\Server\rewrite.php(47): require_once('D:\\Xampp\\htdocs\\inventaris_ci4\\public\\index.php')
WARNING - 2024-01-03 04:31:15 --> [DEPRECATED] Creation of dynamic property App\Controllers\Admin\AdminSuplierController::$encryptionController is deprecated in APPPATH\Controllers\Admin\AdminSuplierController.php on line 17.
 1 SYSTEMPATH\CodeIgniter.php(914): App\Controllers\Admin\AdminSuplierController->__construct()
 2 SYSTEMPATH\CodeIgniter.php(493): CodeIgniter\CodeIgniter->createController()
 3 SYSTEMPATH\CodeIgniter.php(361): CodeIgniter\CodeIgniter->handleRequest(null, Object(Config\Cache), false)
 4 FCPATH\index.php(79): CodeIgniter\CodeIgniter->run()
 5 SYSTEMPATH\Commands\Server\rewrite.php(47): require_once('D:\\Xampp\\htdocs\\inventaris_ci4\\public\\index.php')
INFO - 2024-01-03 04:31:17 --> Session: Class initialized using 'CodeIgniter\Session\Handlers\FileHandler' driver.
WARNING - 2024-01-03 04:31:17 --> [DEPRECATED] Creation of dynamic property App\Controllers\Component\EncryptionController::$encryption is deprecated in APPPATH\Controllers\Component\EncryptionController.php on line 12.
 1 APPPATH\Controllers\Admin\AdminSuplierController.php(17): App\Controllers\Component\EncryptionController->__construct()
 2 SYSTEMPATH\CodeIgniter.php(914): App\Controllers\Admin\AdminSuplierController->__construct()
 3 SYSTEMPATH\CodeIgniter.php(493): CodeIgniter\CodeIgniter->createController()
 4 SYSTEMPATH\CodeIgniter.php(361): CodeIgniter\CodeIgniter->handleRequest(null, Object(Config\Cache), false)
 5 FCPATH\index.php(79): CodeIgniter\CodeIgniter->run()
 6 SYSTEMPATH\Commands\Server\rewrite.php(47): require_once('D:\\Xampp\\htdocs\\inventaris_ci4\\public\\index.php')
WARNING - 2024-01-03 04:31:17 --> [DEPRECATED] Creation of dynamic property App\Controllers\Admin\AdminSuplierController::$encryptionController is deprecated in APPPATH\Controllers\Admin\AdminSuplierController.php on line 17.
 1 SYSTEMPATH\CodeIgniter.php(914): App\Controllers\Admin\AdminSuplierController->__construct()
 2 SYSTEMPATH\CodeIgniter.php(493): CodeIgniter\CodeIgniter->createController()
 3 SYSTEMPATH\CodeIgniter.php(361): CodeIgniter\CodeIgniter->handleRequest(null, Object(Config\Cache), false)
 4 FCPATH\index.php(79): CodeIgniter\CodeIgniter->run()
 5 SYSTEMPATH\Commands\Server\rewrite.php(47): require_once('D:\\Xampp\\htdocs\\inventaris_ci4\\public\\index.php')
CRITICAL - 2024-01-03 04:31:17 --> Undefined property: App\Controllers\Admin\AdminSuplierController::$EncryptionController
in APPPATH\Controllers\Admin\AdminSuplierController.php on line 82.
 1 APPPATH\Controllers\Admin\AdminSuplierController.php(82): CodeIgniter\Debug\Exceptions->errorHandler(2, 'Undefined property: App\\Controllers\\Admin\\AdminSuplierController::$EncryptionController', 'D:\\Xampp\\htdocs\\inventaris_ci4\\app\\Controllers\\Admin\\AdminSuplierController.php', 82)
 2 SYSTEMPATH\CodeIgniter.php(942): App\Controllers\Admin\AdminSuplierController->edit('5')
 3 SYSTEMPATH\CodeIgniter.php(502): CodeIgniter\CodeIgniter->runController(Object(App\Controllers\Admin\AdminSuplierController))
 4 SYSTEMPATH\CodeIgniter.php(361): CodeIgniter\CodeIgniter->handleRequest(null, Object(Config\Cache), false)
 5 FCPATH\index.php(79): CodeIgniter\CodeIgniter->run()
 6 SYSTEMPATH\Commands\Server\rewrite.php(47): require_once('D:\\Xampp\\htdocs\\inventaris_ci4\\public\\index.php')
INFO - 2024-01-03 04:31:25 --> Session: Class initialized using 'CodeIgniter\Session\Handlers\FileHandler' driver.
WARNING - 2024-01-03 04:31:25 --> [DEPRECATED] Creation of dynamic property App\Controllers\Component\EncryptionController::$encryption is deprecated in APPPATH\Controllers\Component\EncryptionController.php on line 12.
 1 APPPATH\Controllers\Admin\AdminSuplierController.php(17): App\Controllers\Component\EncryptionController->__construct()
 2 SYSTEMPATH\CodeIgniter.php(914): App\Controllers\Admin\AdminSuplierController->__construct()
 3 SYSTEMPATH\CodeIgniter.php(493): CodeIgniter\CodeIgniter->createController()
 4 SYSTEMPATH\CodeIgniter.php(361): CodeIgniter\CodeIgniter->handleRequest(null, Object(Config\Cache), false)
 5 FCPATH\index.php(79): CodeIgniter\CodeIgniter->run()
 6 SYSTEMPATH\Commands\Server\rewrite.php(47): require_once('D:\\Xampp\\htdocs\\inventaris_ci4\\public\\index.php')
WARNING - 2024-01-03 04:31:25 --> [DEPRECATED] Creation of dynamic property App\Controllers\Admin\AdminSuplierController::$encryptionController is deprecated in APPPATH\Controllers\Admin\AdminSuplierController.php on line 17.
 1 SYSTEMPATH\CodeIgniter.php(914): App\Controllers\Admin\AdminSuplierController->__construct()
 2 SYSTEMPATH\CodeIgniter.php(493): CodeIgniter\CodeIgniter->createController()
 3 SYSTEMPATH\CodeIgniter.php(361): CodeIgniter\CodeIgniter->handleRequest(null, Object(Config\Cache), false)
 4 FCPATH\index.php(79): CodeIgniter\CodeIgniter->run()
 5 SYSTEMPATH\Commands\Server\rewrite.php(47): require_once('D:\\Xampp\\htdocs\\inventaris_ci4\\public\\index.php')
INFO - 2024-01-03 04:31:51 --> Session: Class initialized using 'CodeIgniter\Session\Handlers\FileHandler' driver.
WARNING - 2024-01-03 04:31:51 --> [DEPRECATED] Creation of dynamic property App\Controllers\Component\EncryptionController::$encryption is deprecated in APPPATH\Controllers\Component\EncryptionController.php on line 12.
 1 APPPATH\Controllers\Admin\AdminSuplierController.php(17): App\Controllers\Component\EncryptionController->__construct()
 2 SYSTEMPATH\CodeIgniter.php(914): App\Controllers\Admin\AdminSuplierController->__construct()
 3 SYSTEMPATH\CodeIgniter.php(493): CodeIgniter\CodeIgniter->createController()
 4 SYSTEMPATH\CodeIgniter.php(361): CodeIgniter\CodeIgniter->handleRequest(null, Object(Config\Cache), false)
 5 FCPATH\index.php(79): CodeIgniter\CodeIgniter->run()
 6 SYSTEMPATH\Commands\Server\rewrite.php(47): require_once('D:\\Xampp\\htdocs\\inventaris_ci4\\public\\index.php')
WARNING - 2024-01-03 04:31:51 --> [DEPRECATED] Creation of dynamic property App\Controllers\Admin\AdminSuplierController::$encryptionController is deprecated in APPPATH\Controllers\Admin\AdminSuplierController.php on line 17.
 1 SYSTEMPATH\CodeIgniter.php(914): App\Controllers\Admin\AdminSuplierController->__construct()
 2 SYSTEMPATH\CodeIgniter.php(493): CodeIgniter\CodeIgniter->createController()
 3 SYSTEMPATH\CodeIgniter.php(361): CodeIgniter\CodeIgniter->handleRequest(null, Object(Config\Cache), false)
 4 FCPATH\index.php(79): CodeIgniter\CodeIgniter->run()
 5 SYSTEMPATH\Commands\Server\rewrite.php(47): require_once('D:\\Xampp\\htdocs\\inventaris_ci4\\public\\index.php')
CRITICAL - 2024-01-03 04:31:51 --> Undefined array key "encrypted_id"
in APPPATH\Views\admin\suplier\list.php on line 48.
 1 APPPATH\Views\admin\suplier\list.php(48): CodeIgniter\Debug\Exceptions->errorHandler(2, 'Undefined array key "encrypted_id"', 'D:\\Xampp\\htdocs\\inventaris_ci4\\app\\Views\\admin\\suplier\\list.php', 48)
 2 SYSTEMPATH\View\View.php(228): include('D:\\Xampp\\htdocs\\inventaris_ci4\\app\\Views\\admin\\suplier\\list.php')
 3 SYSTEMPATH\View\View.php(231): CodeIgniter\View\View->CodeIgniter\View\{closure}()
 4 SYSTEMPATH\Common.php(1190): CodeIgniter\View\View->render('admin/suplier/list', [], true)
 5 APPPATH\Controllers\Admin\AdminSuplierController.php(24): view('admin/suplier/list', [...])
 6 SYSTEMPATH\CodeIgniter.php(942): App\Controllers\Admin\AdminSuplierController->index()
 7 SYSTEMPATH\CodeIgniter.php(502): CodeIgniter\CodeIgniter->runController(Object(App\Controllers\Admin\AdminSuplierController))
 8 SYSTEMPATH\CodeIgniter.php(361): CodeIgniter\CodeIgniter->handleRequest(null, Object(Config\Cache), false)
 9 FCPATH\index.php(79): CodeIgniter\CodeIgniter->run()
10 SYSTEMPATH\Commands\Server\rewrite.php(47): require_once('D:\\Xampp\\htdocs\\inventaris_ci4\\public\\index.php')
INFO - 2024-01-03 04:31:58 --> Session: Class initialized using 'CodeIgniter\Session\Handlers\FileHandler' driver.
WARNING - 2024-01-03 04:31:58 --> [DEPRECATED] Creation of dynamic property App\Controllers\Component\EncryptionController::$encryption is deprecated in APPPATH\Controllers\Component\EncryptionController.php on line 12.
 1 APPPATH\Controllers\Admin\AdminSuplierController.php(17): App\Controllers\Component\EncryptionController->__construct()
 2 SYSTEMPATH\CodeIgniter.php(914): App\Controllers\Admin\AdminSuplierController->__construct()
 3 SYSTEMPATH\CodeIgniter.php(493): CodeIgniter\CodeIgniter->createController()
 4 SYSTEMPATH\CodeIgniter.php(361): CodeIgniter\CodeIgniter->handleRequest(null, Object(Config\Cache), false)
 5 FCPATH\index.php(79): CodeIgniter\CodeIgniter->run()
 6 SYSTEMPATH\Commands\Server\rewrite.php(47): require_once('D:\\Xampp\\htdocs\\inventaris_ci4\\public\\index.php')
WARNING - 2024-01-03 04:31:58 --> [DEPRECATED] Creation of dynamic property App\Controllers\Admin\AdminSuplierController::$encryptionController is deprecated in APPPATH\Controllers\Admin\AdminSuplierController.php on line 17.
 1 SYSTEMPATH\CodeIgniter.php(914): App\Controllers\Admin\AdminSuplierController->__construct()
 2 SYSTEMPATH\CodeIgniter.php(493): CodeIgniter\CodeIgniter->createController()
 3 SYSTEMPATH\CodeIgniter.php(361): CodeIgniter\CodeIgniter->handleRequest(null, Object(Config\Cache), false)
 4 FCPATH\index.php(79): CodeIgniter\CodeIgniter->run()
 5 SYSTEMPATH\Commands\Server\rewrite.php(47): require_once('D:\\Xampp\\htdocs\\inventaris_ci4\\public\\index.php')
INFO - 2024-01-03 04:32:00 --> Session: Class initialized using 'CodeIgniter\Session\Handlers\FileHandler' driver.
WARNING - 2024-01-03 04:32:00 --> [DEPRECATED] Creation of dynamic property App\Controllers\Component\EncryptionController::$encryption is deprecated in APPPATH\Controllers\Component\EncryptionController.php on line 12.
 1 APPPATH\Controllers\Admin\AdminSuplierController.php(17): App\Controllers\Component\EncryptionController->__construct()
 2 SYSTEMPATH\CodeIgniter.php(914): App\Controllers\Admin\AdminSuplierController->__construct()
 3 SYSTEMPATH\CodeIgniter.php(493): CodeIgniter\CodeIgniter->createController()
 4 SYSTEMPATH\CodeIgniter.php(361): CodeIgniter\CodeIgniter->handleRequest(null, Object(Config\Cache), false)
 5 FCPATH\index.php(79): CodeIgniter\CodeIgniter->run()
 6 SYSTEMPATH\Commands\Server\rewrite.php(47): require_once('D:\\Xampp\\htdocs\\inventaris_ci4\\public\\index.php')
WARNING - 2024-01-03 04:32:00 --> [DEPRECATED] Creation of dynamic property App\Controllers\Admin\AdminSuplierController::$encryptionController is deprecated in APPPATH\Controllers\Admin\AdminSuplierController.php on line 17.
 1 SYSTEMPATH\CodeIgniter.php(914): App\Controllers\Admin\AdminSuplierController->__construct()
 2 SYSTEMPATH\CodeIgniter.php(493): CodeIgniter\CodeIgniter->createController()
 3 SYSTEMPATH\CodeIgniter.php(361): CodeIgniter\CodeIgniter->handleRequest(null, Object(Config\Cache), false)
 4 FCPATH\index.php(79): CodeIgniter\CodeIgniter->run()
 5 SYSTEMPATH\Commands\Server\rewrite.php(47): require_once('D:\\Xampp\\htdocs\\inventaris_ci4\\public\\index.php')
CRITICAL - 2024-01-03 04:32:00 --> Undefined property: App\Controllers\Admin\AdminSuplierController::$EncryptionController
in APPPATH\Controllers\Admin\AdminSuplierController.php on line 82.
 1 APPPATH\Controllers\Admin\AdminSuplierController.php(82): CodeIgniter\Debug\Exceptions->errorHandler(2, 'Undefined property: App\\Controllers\\Admin\\AdminSuplierController::$EncryptionController', 'D:\\Xampp\\htdocs\\inventaris_ci4\\app\\Controllers\\Admin\\AdminSuplierController.php', 82)
 2 SYSTEMPATH\CodeIgniter.php(942): App\Controllers\Admin\AdminSuplierController->edit('4')
 3 SYSTEMPATH\CodeIgniter.php(502): CodeIgniter\CodeIgniter->runController(Object(App\Controllers\Admin\AdminSuplierController))
 4 SYSTEMPATH\CodeIgniter.php(361): CodeIgniter\CodeIgniter->handleRequest(null, Object(Config\Cache), false)
 5 FCPATH\index.php(79): CodeIgniter\CodeIgniter->run()
 6 SYSTEMPATH\Commands\Server\rewrite.php(47): require_once('D:\\Xampp\\htdocs\\inventaris_ci4\\public\\index.php')
INFO - 2024-01-03 04:32:47 --> Session: Class initialized using 'CodeIgniter\Session\Handlers\FileHandler' driver.
WARNING - 2024-01-03 04:32:47 --> [DEPRECATED] Creation of dynamic property App\Controllers\Component\EncryptionController::$encryption is deprecated in APPPATH\Controllers\Component\EncryptionController.php on line 12.
 1 APPPATH\Controllers\Admin\AdminSuplierController.php(17): App\Controllers\Component\EncryptionController->__construct()
 2 SYSTEMPATH\CodeIgniter.php(914): App\Controllers\Admin\AdminSuplierController->__construct()
 3 SYSTEMPATH\CodeIgniter.php(493): CodeIgniter\CodeIgniter->createController()
 4 SYSTEMPATH\CodeIgniter.php(361): CodeIgniter\CodeIgniter->handleRequest(null, Object(Config\Cache), false)
 5 FCPATH\index.php(79): CodeIgniter\CodeIgniter->run()
 6 SYSTEMPATH\Commands\Server\rewrite.php(47): require_once('D:\\Xampp\\htdocs\\inventaris_ci4\\public\\index.php')
WARNING - 2024-01-03 04:32:47 --> [DEPRECATED] Creation of dynamic property App\Controllers\Admin\AdminSuplierController::$encryptionController is deprecated in APPPATH\Controllers\Admin\AdminSuplierController.php on line 17.
 1 SYSTEMPATH\CodeIgniter.php(914): App\Controllers\Admin\AdminSuplierController->__construct()
 2 SYSTEMPATH\CodeIgniter.php(493): CodeIgniter\CodeIgniter->createController()
 3 SYSTEMPATH\CodeIgniter.php(361): CodeIgniter\CodeIgniter->handleRequest(null, Object(Config\Cache), false)
 4 FCPATH\index.php(79): CodeIgniter\CodeIgniter->run()
 5 SYSTEMPATH\Commands\Server\rewrite.php(47): require_once('D:\\Xampp\\htdocs\\inventaris_ci4\\public\\index.php')
CRITICAL - 2024-01-03 04:32:47 --> Undefined property: App\Controllers\Admin\AdminSuplierController::$EncryptionController
in APPPATH\Controllers\Admin\AdminSuplierController.php on line 88.
 1 APPPATH\Controllers\Admin\AdminSuplierController.php(88): CodeIgniter\Debug\Exceptions->errorHandler(2, 'Undefined property: App\\Controllers\\Admin\\AdminSuplierController::$EncryptionController', 'D:\\Xampp\\htdocs\\inventaris_ci4\\app\\Controllers\\Admin\\AdminSuplierController.php', 88)
 2 SYSTEMPATH\CodeIgniter.php(942): App\Controllers\Admin\AdminSuplierController->edit('4')
 3 SYSTEMPATH\CodeIgniter.php(502): CodeIgniter\CodeIgniter->runController(Object(App\Controllers\Admin\AdminSuplierController))
 4 SYSTEMPATH\CodeIgniter.php(361): CodeIgniter\CodeIgniter->handleRequest(null, Object(Config\Cache), false)
 5 FCPATH\index.php(79): CodeIgniter\CodeIgniter->run()
 6 SYSTEMPATH\Commands\Server\rewrite.php(47): require_once('D:\\Xampp\\htdocs\\inventaris_ci4\\public\\index.php')
INFO - 2024-01-03 04:32:48 --> Session: Class initialized using 'CodeIgniter\Session\Handlers\FileHandler' driver.
WARNING - 2024-01-03 04:32:48 --> [DEPRECATED] Creation of dynamic property App\Controllers\Component\EncryptionController::$encryption is deprecated in APPPATH\Controllers\Component\EncryptionController.php on line 12.
 1 APPPATH\Controllers\Admin\AdminSuplierController.php(17): App\Controllers\Component\EncryptionController->__construct()
 2 SYSTEMPATH\CodeIgniter.php(914): App\Controllers\Admin\AdminSuplierController->__construct()
 3 SYSTEMPATH\CodeIgniter.php(493): CodeIgniter\CodeIgniter->createController()
 4 SYSTEMPATH\CodeIgniter.php(361): CodeIgniter\CodeIgniter->handleRequest(null, Object(Config\Cache), false)
 5 FCPATH\index.php(79): CodeIgniter\CodeIgniter->run()
 6 SYSTEMPATH\Commands\Server\rewrite.php(47): require_once('D:\\Xampp\\htdocs\\inventaris_ci4\\public\\index.php')
WARNING - 2024-01-03 04:32:48 --> [DEPRECATED] Creation of dynamic property App\Controllers\Admin\AdminSuplierController::$encryptionController is deprecated in APPPATH\Controllers\Admin\AdminSuplierController.php on line 17.
 1 SYSTEMPATH\CodeIgniter.php(914): App\Controllers\Admin\AdminSuplierController->__construct()
 2 SYSTEMPATH\CodeIgniter.php(493): CodeIgniter\CodeIgniter->createController()
 3 SYSTEMPATH\CodeIgniter.php(361): CodeIgniter\CodeIgniter->handleRequest(null, Object(Config\Cache), false)
 4 FCPATH\index.php(79): CodeIgniter\CodeIgniter->run()
 5 SYSTEMPATH\Commands\Server\rewrite.php(47): require_once('D:\\Xampp\\htdocs\\inventaris_ci4\\public\\index.php')
CRITICAL - 2024-01-03 04:32:48 --> Undefined property: App\Controllers\Admin\AdminSuplierController::$EncryptionController
in APPPATH\Controllers\Admin\AdminSuplierController.php on line 88.
 1 APPPATH\Controllers\Admin\AdminSuplierController.php(88): CodeIgniter\Debug\Exceptions->errorHandler(2, 'Undefined property: App\\Controllers\\Admin\\AdminSuplierController::$EncryptionController', 'D:\\Xampp\\htdocs\\inventaris_ci4\\app\\Controllers\\Admin\\AdminSuplierController.php', 88)
 2 SYSTEMPATH\CodeIgniter.php(942): App\Controllers\Admin\AdminSuplierController->edit('4')
 3 SYSTEMPATH\CodeIgniter.php(502): CodeIgniter\CodeIgniter->runController(Object(App\Controllers\Admin\AdminSuplierController))
 4 SYSTEMPATH\CodeIgniter.php(361): CodeIgniter\CodeIgniter->handleRequest(null, Object(Config\Cache), false)
 5 FCPATH\index.php(79): CodeIgniter\CodeIgniter->run()
 6 SYSTEMPATH\Commands\Server\rewrite.php(47): require_once('D:\\Xampp\\htdocs\\inventaris_ci4\\public\\index.php')
INFO - 2024-01-03 04:33:42 --> Session: Class initialized using 'CodeIgniter\Session\Handlers\FileHandler' driver.
INFO - 2024-01-03 04:41:21 --> Session: Class initialized using 'CodeIgniter\Session\Handlers\FileHandler' driver.
INFO - 2024-01-03 04:41:24 --> Session: Class initialized using 'CodeIgniter\Session\Handlers\FileHandler' driver.
INFO - 2024-01-03 04:41:30 --> Session: Class initialized using 'CodeIgniter\Session\Handlers\FileHandler' driver.
INFO - 2024-01-03 04:41:36 --> Session: Class initialized using 'CodeIgniter\Session\Handlers\FileHandler' driver.
